[2024-06-09 12:29:34,635] 22 root - INFO - Data Loading started.....
[2024-06-09 12:29:34,858] 25 root - INFO - Data Loading Completed...
[2024-06-09 12:29:37,735] 22 root - INFO - Data Loading started.....
[2024-06-09 12:29:37,953] 25 root - INFO - Data Loading Completed...
[2024-06-09 12:29:37,954] 22 root - INFO - Data Loading started.....
[2024-06-09 12:29:38,270] 25 root - INFO - Data Loading Completed...
[2024-06-09 12:29:38,271] 25 root - INFO - Loading Model......
[2024-06-09 12:29:39,879] 22 root - INFO - Creating Embedding.....
[2024-06-09 12:29:39,884] 27 root - INFO - Storing Vector Embeddings.....
[2024-06-09 12:29:42,038] 33 root - INFO - Query Engine......
[2024-06-09 12:30:24,042] 22 root - INFO - Data Loading started.....
[2024-06-09 12:30:24,268] 25 root - INFO - Data Loading Completed...
[2024-06-09 12:30:24,269] 22 root - INFO - Data Loading started.....
[2024-06-09 12:30:24,588] 25 root - INFO - Data Loading Completed...
[2024-06-09 12:30:24,589] 25 root - INFO - Loading Model......
[2024-06-09 12:30:26,119] 22 root - INFO - Creating Embedding.....
[2024-06-09 12:30:26,124] 27 root - INFO - Storing Vector Embeddings.....
[2024-06-09 12:30:28,311] 33 root - INFO - Query Engine......
[2024-06-09 12:30:58,117] 22 root - INFO - Data Loading started.....
[2024-06-09 12:30:58,304] 25 root - INFO - Data Loading Completed...
[2024-06-09 12:31:02,469] 22 root - INFO - Data Loading started.....
[2024-06-09 12:31:02,654] 25 root - INFO - Data Loading Completed...
[2024-06-09 12:31:02,655] 25 root - INFO - Loading Model......
[2024-06-09 12:31:07,171] 22 root - INFO - Creating Embedding.....
[2024-06-09 12:31:07,179] 27 root - INFO - Storing Vector Embeddings.....
[2024-06-09 12:31:09,303] 33 root - INFO - Query Engine......
[2024-06-09 12:31:22,636] 22 root - INFO - Data Loading started.....
[2024-06-09 12:31:22,824] 25 root - INFO - Data Loading Completed...
[2024-06-09 12:31:22,825] 22 root - INFO - Data Loading started.....
[2024-06-09 12:31:23,107] 25 root - INFO - Data Loading Completed...
[2024-06-09 12:31:23,108] 25 root - INFO - Loading Model......
[2024-06-09 12:31:24,681] 22 root - INFO - Creating Embedding.....
[2024-06-09 12:31:24,686] 27 root - INFO - Storing Vector Embeddings.....
[2024-06-09 12:31:26,891] 33 root - INFO - Query Engine......
[2024-06-09 12:32:12,288] 22 root - INFO - Data Loading started.....
[2024-06-09 12:32:12,480] 25 root - INFO - Data Loading Completed...
[2024-06-09 12:32:12,586] 22 root - INFO - Data Loading started.....
[2024-06-09 12:32:12,765] 25 root - INFO - Data Loading Completed...
[2024-06-09 12:32:12,766] 25 root - INFO - Loading Model......
[2024-06-09 12:32:14,272] 22 root - INFO - Creating Embedding.....
[2024-06-09 12:32:14,276] 27 root - INFO - Storing Vector Embeddings.....
[2024-06-09 12:32:16,999] 33 root - INFO - Query Engine......
[2024-06-09 12:32:30,135] 22 root - INFO - Data Loading started.....
[2024-06-09 12:32:30,323] 25 root - INFO - Data Loading Completed...
[2024-06-09 12:32:30,425] 22 root - INFO - Data Loading started.....
[2024-06-09 12:32:30,608] 25 root - INFO - Data Loading Completed...
[2024-06-09 12:32:30,609] 25 root - INFO - Loading Model......
[2024-06-09 12:32:32,224] 22 root - INFO - Creating Embedding.....
[2024-06-09 12:32:32,228] 27 root - INFO - Storing Vector Embeddings.....
[2024-06-09 12:32:34,809] 33 root - INFO - Query Engine......
[2024-06-09 12:33:00,579] 22 root - INFO - Data Loading started.....
[2024-06-09 12:33:00,769] 25 root - INFO - Data Loading Completed...
[2024-06-09 12:33:00,770] 22 root - INFO - Data Loading started.....
[2024-06-09 12:33:01,052] 25 root - INFO - Data Loading Completed...
[2024-06-09 12:33:01,054] 25 root - INFO - Loading Model......
[2024-06-09 12:33:02,639] 22 root - INFO - Creating Embedding.....
[2024-06-09 12:33:02,644] 27 root - INFO - Storing Vector Embeddings.....
[2024-06-09 12:33:04,883] 33 root - INFO - Query Engine......
[2024-06-09 12:33:44,072] 22 root - INFO - Data Loading started.....
[2024-06-09 12:33:44,278] 25 root - INFO - Data Loading Completed...
[2024-06-09 12:33:44,279] 22 root - INFO - Data Loading started.....
[2024-06-09 12:33:44,582] 25 root - INFO - Data Loading Completed...
[2024-06-09 12:33:44,584] 25 root - INFO - Loading Model......
[2024-06-09 12:33:46,105] 22 root - INFO - Creating Embedding.....
[2024-06-09 12:33:46,111] 27 root - INFO - Storing Vector Embeddings.....
[2024-06-09 12:33:48,268] 33 root - INFO - Query Engine......
